2025-12-15 09:26:28.858  INFO 7 - [       main] c.epam.healenium.Application     : Starting Application v3.4.10 using Java 23.0.2 with PID 7 (/healenium-backend.jar started by root in /) 
2025-12-15 09:26:28.900  INFO 7 - [       main] c.epam.healenium.Application     : No active profile set, falling back to 1 default profile: "default" 
2025-12-15 09:26:31.060  INFO 7 - [       main] .RepositoryConfigurationDelegate : Bootstrapping Spring Data JPA repositories in DEFAULT mode. 
2025-12-15 09:26:31.432  INFO 7 - [       main] .RepositoryConfigurationDelegate : Finished Spring Data repository scanning in 347 ms. Found 4 JPA repository interfaces. 
2025-12-15 09:26:32.817  INFO 7 - [       main] o.s.b.w.e.t.TomcatWebServer      : Tomcat initialized with port 7878 (http) 
2025-12-15 09:26:32.860  INFO 7 - [       main] o.a.c.core.StandardService       : Starting service [Tomcat] 
2025-12-15 09:26:32.863  INFO 7 - [       main] o.a.c.core.StandardEngine        : Starting Servlet engine: [Apache Tomcat/10.1.44] 
2025-12-15 09:26:32.930  INFO 7 - [       main] o.a.c.c.C.[.[localhost].[/]      : Initializing Spring embedded WebApplicationContext 
2025-12-15 09:26:32.932  INFO 7 - [       main] rvletWebServerApplicationContext : Root WebApplicationContext: initialization completed in 3925 ms 
2025-12-15 09:26:33.463  INFO 7 - [       main] c.z.hikari.HikariDataSource      : HikariPool-1 - Starting... 
2025-12-15 09:26:33.928  INFO 7 - [       main] c.z.hikari.HikariDataSource      : HikariPool-1 - Start completed. 
2025-12-15 09:26:34.217  INFO 7 - [       main] liquibase.database               : Set default schema name to healenium 
2025-12-15 09:26:35.064  INFO 7 - [       main] liquibase.changelog              : Reading from healenium.databasechangelog 
2025-12-15 09:26:35.354  INFO 7 - [       main] liquibase.ui                     : Database is up to date, no changesets to execute 
2025-12-15 09:26:35.360  INFO 7 - [       main] liquibase.changelog              : Reading from healenium.databasechangelog 
2025-12-15 09:26:35.382  INFO 7 - [       main] liquibase.util                   : UPDATE SUMMARY 
2025-12-15 09:26:35.383  INFO 7 - [       main] liquibase.util                   : Run:                          0 
2025-12-15 09:26:35.385  INFO 7 - [       main] liquibase.util                   : Previously run:              11 
2025-12-15 09:26:35.386  INFO 7 - [       main] liquibase.util                   : Filtered out:                 0 
2025-12-15 09:26:35.387  INFO 7 - [       main] liquibase.util                   : ------------------------------- 
2025-12-15 09:26:35.388  INFO 7 - [       main] liquibase.util                   : Total change sets:           11 
2025-12-15 09:26:35.390  INFO 7 - [       main] liquibase.util                   : Update summary generated 
2025-12-15 09:26:35.393  INFO 7 - [       main] liquibase.command                : Command execution complete 
2025-12-15 09:26:36.107  INFO 7 - [       main] o.h.j.internal.util.LogHelper    : HHH000204: Processing PersistenceUnitInfo [name: default] 
2025-12-15 09:26:36.309  INFO 7 - [       main] org.hibernate.Version            : HHH000412: Hibernate ORM core version 6.6.26.Final 
2025-12-15 09:26:36.445  INFO 7 - [       main] o.h.c.i.RegionFactoryInitiator   : HHH000026: Second-level cache disabled 
2025-12-15 09:26:37.335  INFO 7 - [       main] .o.j.p.SpringPersistenceUnitInfo : No LoadTimeWeaver setup: ignoring JPA class transformer 
2025-12-15 09:26:37.373  WARN 7 - [       main] org.hibernate.orm.deprecation    : HHH90000021: Encountered deprecated setting [hibernate.temp.use_jdbc_metadata_defaults], use [hibernate.boot.allow_jdbc_metadata_access] instead 
2025-12-15 09:26:37.436  WARN 7 - [       main] org.hibernate.orm.deprecation    : HHH90000025: PostgreSQLDialect does not need to be specified explicitly using 'hibernate.dialect' (remove the property setting and it will be selected by default) 
2025-12-15 09:26:37.474  INFO 7 - [       main] o.h.orm.connections.pooling      : HHH10001005: Database info:\n 	Database JDBC URL [undefined/unknown]\n 	Database driver: undefined/unknown\n 	Database version: 12.0\n 	Autocommit mode: undefined/unknown\n 	Isolation level: <unknown>\n 	Minimum pool size: undefined/unknown\n 	Maximum pool size: undefined/unknown 
2025-12-15 09:26:40.124  WARN 7 - [       main] o.h.m.internal.MetadataContext   : HHH015011: Unable to locate static metamodel field : com.epam.healenium.model.domain.Selector_#nodePathWrapper; this may or may not indicate a problem with the static metamodel 
2025-12-15 09:26:40.143  INFO 7 - [       main] h.e.t.j.p.i.JtaPlatformInitiator : HHH000489: No JTA platform available (set 'hibernate.transaction.jta.platform' to enable JTA platform integration) 
2025-12-15 09:26:40.156  INFO 7 - [       main] ontainerEntityManagerFactoryBean : Initialized JPA EntityManagerFactory for persistence unit 'default' 
2025-12-15 09:26:40.770  INFO 7 - [       main] o.s.d.j.r.q.QueryEnhancerFactory : Hibernate is in classpath; If applicable, HQL parser will be used. 
2025-12-15 09:26:42.699  INFO 7 - [       main] .a.w.s.WelcomePageHandlerMapping : Adding welcome page template: index 
2025-12-15 09:26:43.646  INFO 7 - [       main] .s.b.a.e.w.EndpointLinksResolver : Exposing 1 endpoint beneath base path '/actuator' 
2025-12-15 09:26:43.858  INFO 7 - [       main] o.s.b.w.e.t.TomcatWebServer      : Tomcat started on port 7878 (http) with context path '/' 
2025-12-15 09:26:43.994  INFO 7 - [       main] c.epam.healenium.Application     : Started Application in 16.399 seconds (process running for 18.646) 
2025-12-15 09:26:48.428  INFO 7 - [7878-exec-1] o.a.c.c.C.[.[localhost].[/]      : Initializing Spring DispatcherServlet 'dispatcherServlet' 
2025-12-15 09:26:48.429  INFO 7 - [7878-exec-1] o.s.w.s.DispatcherServlet        : Initializing Servlet 'dispatcherServlet' 
2025-12-15 09:26:48.432  INFO 7 - [7878-exec-1] o.s.w.s.DispatcherServlet        : Completed initialization in 2 ms 
2025-12-15 09:29:12.334  INFO 7 - [7878-exec-6] healenium                        : [Save Elements] Request: By.xpath(//span[normalize-space()='Login']) 
2025-12-15 09:30:35.243  INFO 7 - [7878-exec-1] healenium                        : [Save Elements] Request: By.xpath(//span[normalize-space()='Login']) 
2025-12-15 09:31:48.769  INFO 7 - [7878-exec-6] healenium                        : [Save Elements] Request: By.xpath(//span[normalize-space()='Login']) 
2025-12-15 09:36:56.714  INFO 7 - [7878-exec-1] healenium                        : [Save Elements] Request: By.xpath(//span[normalize-space()='Login']) 
